c:\users\user\source\repos\assignment\assignment\x64\debug\vc143.pdb
c:\users\user\source\repos\assignment\assignment\x64\debug\vc143.idb
c:\users\user\source\repos\assignment\assignment\x64\debug\month year table .obj
c:\users\user\source\repos\assignment\assignment\x64\debug\menulisttable.obj
c:\users\user\source\repos\assignment\assignment\x64\debug\menu list.obj
c:\users\user\source\repos\assignment\assignment\x64\debug\melaka table.obj
c:\users\user\source\repos\assignment\assignment\x64\debug\logo.obj
c:\users\user\source\repos\assignment\assignment\x64\debug\login.obj
c:\users\user\source\repos\assignment\assignment\x64\debug\location number .obj
c:\users\user\source\repos\assignment\assignment\x64\debug\kuala lumpur table.obj
c:\users\user\source\repos\assignment\assignment\x64\debug\invoice.obj
c:\users\user\source\repos\assignment\assignment\x64\debug\getvalid.obj
c:\users\user\source\repos\assignment\assignment\x64\debug\feedback.obj
c:\users\user\source\repos\assignment\assignment\x64\debug\displaysummaryreport.obj
c:\users\user\source\repos\assignment\assignment\x64\debug\check in & check out.obj
c:\users\user\source\repos\assignment\assignment\x64\debug\cancellationbooking.obj
c:\users\user\source\repos\assignment\assignment\x64\debug\bookingsystem.obj
c:\users\user\source\repos\assignment\assignment\x64\debug\add on service table .obj
c:\users\user\source\repos\assignment\assignment\x64\debug\31 days table.obj
c:\users\user\source\repos\assignment\assignment\x64\debug\30 days table .obj
c:\users\user\source\repos\assignment\assignment\x64\debug\29 days table .obj
c:\users\user\source\repos\assignment\assignment\x64\debug\28 days table .obj
c:\users\user\source\repos\assignment\assignment\x64\debug\voucher.obj
c:\users\user\source\repos\assignment\assignment\x64\debug\validation string input .obj
c:\users\user\source\repos\assignment\assignment\x64\debug\validation phone number.obj
c:\users\user\source\repos\assignment\assignment\x64\debug\validation ic .obj
c:\users\user\source\repos\assignment\assignment\x64\debug\validate integer input .obj
c:\users\user\source\repos\assignment\assignment\x64\debug\stafflogin.obj
c:\users\user\source\repos\assignment\assignment\x64\debug\selangor table.obj
c:\users\user\source\repos\assignment\assignment\x64\debug\sarawak table.obj
c:\users\user\source\repos\assignment\assignment\x64\debug\sabah table.obj
c:\users\user\source\repos\assignment\assignment\x64\debug\return struct .obj
c:\users\user\source\repos\assignment\assignment\x64\debug\report.obj
c:\users\user\source\repos\assignment\assignment\x64\debug\phonenumber.obj
c:\users\user\source\repos\assignment\assignment\x64\debug\penang table .obj
c:\users\user\source\repos\assignment\assignment\x64\debug\payment method table .obj
c:\users\user\source\repos\assignment\assignment\x64\debug\overviewbooking.obj
c:\users\user\source\repos\assignment\assignment\x64\debug\callroomtable.obj
c:\users\user\source\repos\assignment\assignment\x64\debug\number of pax .obj
c:\users\user\source\repos\assignment\assignment\x64\debug\number of days .obj
c:\users\user\source\repos\assignment\assignment\x64\debug\name.obj
c:\users\user\source\repos\assignment\assignment\x64\debug\pin validation.obj
c:\users\user\source\repos\assignment\x64\debug\assignment.exe
c:\users\user\source\repos\assignment\x64\debug\assignment.pdb
c:\users\user\source\repos\assignment\assignment\x64\debug\assignment.ilk
c:\users\user\source\repos\assignment\assignment\x64\debug\assignment.tlog\cl.command.1.tlog
c:\users\user\source\repos\assignment\assignment\x64\debug\assignment.tlog\cl.items.tlog
c:\users\user\source\repos\assignment\assignment\x64\debug\assignment.tlog\cl.read.1.tlog
c:\users\user\source\repos\assignment\assignment\x64\debug\assignment.tlog\cl.write.1.tlog
c:\users\user\source\repos\assignment\assignment\x64\debug\assignment.tlog\link.command.1.tlog
c:\users\user\source\repos\assignment\assignment\x64\debug\assignment.tlog\link.read.1.tlog
c:\users\user\source\repos\assignment\assignment\x64\debug\assignment.tlog\link.secondary.1.tlog
c:\users\user\source\repos\assignment\assignment\x64\debug\assignment.tlog\link.write.1.tlog
